TypeError: Cannot read property 'logging' of undefined
TypeError: Cannot read property 'me' of null
    at Object.triggerCommand (D:\Nioxed\Documents\manager-development\manager-bot\bot_modules\imageCommands\commands\blur.js:36:58)
    at bot.handleCommandChecks (D:\Nioxed\Documents\manager-development\manager-bot\bot.js:400:44)
    at doLoop (D:\Nioxed\Documents\manager-development\manager-bot\bot.js:210:34)
    at checks.(anonymous function) (D:\Nioxed\Documents\manager-development\manager-bot\bot.js:216:4)
    at Array.<anonymous> (D:\Nioxed\Documents\manager-development\manager-bot\bot_modules\myConfig\module.js:137:62)
    at doLoop (D:\Nioxed\Documents\manager-development\manager-bot\bot.js:213:12)
    at checks.(anonymous function) (D:\Nioxed\Documents\manager-development\manager-bot\bot.js:216:4)
    at Array.<anonymous> (D:\Nioxed\Documents\manager-development\manager-bot\bot_modules\consoleInterface\module.js:72:4)
    at doLoop (D:\Nioxed\Documents\manager-development\manager-bot\bot.js:213:12)
    at checks.(anonymous function) (D:\Nioxed\Documents\manager-development\manager-bot\bot.js:216:4)
    at Array.<anonymous> (D:\Nioxed\Documents\manager-development\manager-bot\bot_modules\consoleInterface\module.js:64:4)
    at doLoop (D:\Nioxed\Documents\manager-development\manager-bot\bot.js:213:12)
    at Object.bot.handleCommandChecks (D:\Nioxed\Documents\manager-development\manager-bot\bot.js:221:2)
    at Client.client.on.msg (D:\Nioxed\Documents\manager-development\manager-bot\bot.js:367:6)
    at emitOne (events.js:121:20)
    at Client.emit (events.js:211:7)
TypeError: Cannot read property 'me' of null
    at Object.triggerCommand (D:\Nioxed\Documents\manager-development\manager-bot\bot_modules\imageCommands\commands\flip.js:26:91)
    at bot.handleCommandChecks (D:\Nioxed\Documents\manager-development\manager-bot\bot.js:400:44)
    at doLoop (D:\Nioxed\Documents\manager-development\manager-bot\bot.js:210:34)
    at checks.(anonymous function) (D:\Nioxed\Documents\manager-development\manager-bot\bot.js:216:4)
    at Array.<anonymous> (D:\Nioxed\Documents\manager-development\manager-bot\bot_modules\myConfig\module.js:137:62)
    at doLoop (D:\Nioxed\Documents\manager-development\manager-bot\bot.js:213:12)
    at checks.(anonymous function) (D:\Nioxed\Documents\manager-development\manager-bot\bot.js:216:4)
    at Array.<anonymous> (D:\Nioxed\Documents\manager-development\manager-bot\bot_modules\consoleInterface\module.js:72:4)
    at doLoop (D:\Nioxed\Documents\manager-development\manager-bot\bot.js:213:12)
    at checks.(anonymous function) (D:\Nioxed\Documents\manager-development\manager-bot\bot.js:216:4)
    at Array.<anonymous> (D:\Nioxed\Documents\manager-development\manager-bot\bot_modules\consoleInterface\module.js:64:4)
    at doLoop (D:\Nioxed\Documents\manager-development\manager-bot\bot.js:213:12)
    at Object.bot.handleCommandChecks (D:\Nioxed\Documents\manager-development\manager-bot\bot.js:221:2)
    at Client.client.on.msg (D:\Nioxed\Documents\manager-development\manager-bot\bot.js:367:6)
    at emitOne (events.js:121:20)
    at Client.emit (events.js:211:7)
TypeError: Cannot read property 'logging' of undefined
TypeError: Cannot read property 'logging' of undefined
TypeError: Cannot read property 'autoMod' of undefined
ReferenceError: amod is not defined
TypeError: Cannot read property 'name' of null
    at Object.triggerCommand (D:\Nioxed\Documents\manager-development\manager-bot\bot_modules\baseCommands\commands\help.js:53:30)
    at bot.handleCommandChecks (D:\Nioxed\Documents\manager-development\manager-bot\bot.js:405:44)
    at doLoop (D:\Nioxed\Documents\manager-development\manager-bot\bot.js:215:34)
    at checks.(anonymous function) (D:\Nioxed\Documents\manager-development\manager-bot\bot.js:221:4)
    at Array.<anonymous> (D:\Nioxed\Documents\manager-development\manager-bot\bot_modules\myConfig\module.js:137:62)
    at doLoop (D:\Nioxed\Documents\manager-development\manager-bot\bot.js:218:12)
    at checks.(anonymous function) (D:\Nioxed\Documents\manager-development\manager-bot\bot.js:221:4)
    at Array.<anonymous> (D:\Nioxed\Documents\manager-development\manager-bot\bot_modules\consoleInterface\module.js:72:4)
    at doLoop (D:\Nioxed\Documents\manager-development\manager-bot\bot.js:218:12)
    at checks.(anonymous function) (D:\Nioxed\Documents\manager-development\manager-bot\bot.js:221:4)
    at Array.<anonymous> (D:\Nioxed\Documents\manager-development\manager-bot\bot_modules\consoleInterface\module.js:64:4)
    at doLoop (D:\Nioxed\Documents\manager-development\manager-bot\bot.js:218:12)
    at Object.bot.handleCommandChecks (D:\Nioxed\Documents\manager-development\manager-bot\bot.js:226:2)
    at Client.client.on.msg (D:\Nioxed\Documents\manager-development\manager-bot\bot.js:372:6)
    at emitOne (events.js:121:20)
    at Client.emit (events.js:211:7)
ReferenceError: guildsTotal is not defined
    at Object.triggerCommand (D:\Nioxed\Documents\manager-development\manager-bot\bot_modules\baseCommands\commands\stats.js:52:44)
    at bot.getConfig (D:\Nioxed\Documents\manager-development\manager-bot\bot.js:523:56)
    at Object.bot.getConfig (D:\Nioxed\Documents\manager-development\manager-bot\bot_modules\myConfig\module.js:24:7)
    at bot.handleCommandChecks (D:\Nioxed\Documents\manager-development\manager-bot\bot.js:485:21)
    at doLoop (D:\Nioxed\Documents\manager-development\manager-bot\bot.js:216:27)
    at checks.(anonymous function) (D:\Nioxed\Documents\manager-development\manager-bot\bot.js:221:4)
    at bot.getConfig (D:\Nioxed\Documents\manager-development\manager-bot\bot_modules\myConfig\module.js:149:53)
    at D:\Nioxed\Documents\manager-development\manager-bot\bot_modules\myConfig\module.js:47:6
    at tryCatcher (D:\Nioxed\Documents\manager-development\manager-bot\node_modules\bluebird\js\release\util.js:16:23)
    at Promise._settlePromiseFromHandler (D:\Nioxed\Documents\manager-development\manager-bot\node_modules\bluebird\js\release\promise.js:512:31)
    at Promise._settlePromise (D:\Nioxed\Documents\manager-development\manager-bot\node_modules\bluebird\js\release\promise.js:569:18)
    at Promise._settlePromise0 (D:\Nioxed\Documents\manager-development\manager-bot\node_modules\bluebird\js\release\promise.js:614:10)
    at Promise._settlePromises (D:\Nioxed\Documents\manager-development\manager-bot\node_modules\bluebird\js\release\promise.js:693:18)
    at Async._drainQueue (D:\Nioxed\Documents\manager-development\manager-bot\node_modules\bluebird\js\release\async.js:133:16)
    at Async._drainQueues (D:\Nioxed\Documents\manager-development\manager-bot\node_modules\bluebird\js\release\async.js:143:10)
    at Immediate.Async.drainQueues (D:\Nioxed\Documents\manager-development\manager-bot\node_modules\bluebird\js\release\async.js:17:14)
ReferenceError: guildsTotal is not defined
    at Object.triggerCommand (D:\Nioxed\Documents\manager-development\manager-bot\bot_modules\baseCommands\commands\stats.js:52:44)
    at bot.getConfig (D:\Nioxed\Documents\manager-development\manager-bot\bot.js:563:69)
    at Object.bot.getConfig (D:\Nioxed\Documents\manager-development\manager-bot\bot_modules\myConfig\module.js:24:7)
    at bot.handleCommandChecks (D:\Nioxed\Documents\manager-development\manager-bot\bot.js:485:21)
    at doLoop (D:\Nioxed\Documents\manager-development\manager-bot\bot.js:216:27)
    at checks.(anonymous function) (D:\Nioxed\Documents\manager-development\manager-bot\bot.js:221:4)
    at bot.getConfig (D:\Nioxed\Documents\manager-development\manager-bot\bot_modules\myConfig\module.js:149:53)
    at D:\Nioxed\Documents\manager-development\manager-bot\bot_modules\myConfig\module.js:47:6
    at tryCatcher (D:\Nioxed\Documents\manager-development\manager-bot\node_modules\bluebird\js\release\util.js:16:23)
    at Promise._settlePromiseFromHandler (D:\Nioxed\Documents\manager-development\manager-bot\node_modules\bluebird\js\release\promise.js:512:31)
    at Promise._settlePromise (D:\Nioxed\Documents\manager-development\manager-bot\node_modules\bluebird\js\release\promise.js:569:18)
    at Promise._settlePromise0 (D:\Nioxed\Documents\manager-development\manager-bot\node_modules\bluebird\js\release\promise.js:614:10)
    at Promise._settlePromises (D:\Nioxed\Documents\manager-development\manager-bot\node_modules\bluebird\js\release\promise.js:693:18)
    at Async._drainQueue (D:\Nioxed\Documents\manager-development\manager-bot\node_modules\bluebird\js\release\async.js:133:16)
    at Async._drainQueues (D:\Nioxed\Documents\manager-development\manager-bot\node_modules\bluebird\js\release\async.js:143:10)
    at Immediate.Async.drainQueues (D:\Nioxed\Documents\manager-development\manager-bot\node_modules\bluebird\js\release\async.js:17:14)
TypeError: Cannot read property 'user' of undefined
    at getCPUInfo (D:\Nioxed\Documents\manager-development\manager-bot\node_modules\os-utils\lib\osutils.js:200:33)
    at getCPUUsage (D:\Nioxed\Documents\manager-development\manager-bot\node_modules\os-utils\lib\osutils.js:167:18)
    at Object.exports.cpuUsage (D:\Nioxed\Documents\manager-development\manager-bot\node_modules\os-utils\lib\osutils.js:162:5)
    at Object.triggerCommand (D:\Nioxed\Documents\manager-development\manager-bot\bot_modules\baseCommands\commands\stats.js:32:13)
    at bot.getConfig (D:\Nioxed\Documents\manager-development\manager-bot\bot.js:523:56)
    at Object.bot.getConfig (D:\Nioxed\Documents\manager-development\manager-bot\bot_modules\myConfig\module.js:24:7)
    at bot.handleCommandChecks (D:\Nioxed\Documents\manager-development\manager-bot\bot.js:485:21)
    at doLoop (D:\Nioxed\Documents\manager-development\manager-bot\bot.js:216:27)
    at checks.(anonymous function) (D:\Nioxed\Documents\manager-development\manager-bot\bot.js:221:4)
    at bot.getConfig (D:\Nioxed\Documents\manager-development\manager-bot\bot_modules\myConfig\module.js:149:53)
    at D:\Nioxed\Documents\manager-development\manager-bot\bot_modules\myConfig\module.js:47:6
    at tryCatcher (D:\Nioxed\Documents\manager-development\manager-bot\node_modules\bluebird\js\release\util.js:16:23)
    at Promise._settlePromiseFromHandler (D:\Nioxed\Documents\manager-development\manager-bot\node_modules\bluebird\js\release\promise.js:512:31)
    at Promise._settlePromise (D:\Nioxed\Documents\manager-development\manager-bot\node_modules\bluebird\js\release\promise.js:569:18)
    at Promise._settlePromise0 (D:\Nioxed\Documents\manager-development\manager-bot\node_modules\bluebird\js\release\promise.js:614:10)
    at Promise._settlePromises (D:\Nioxed\Documents\manager-development\manager-bot\node_modules\bluebird\js\release\promise.js:693:18)
TypeError: Cannot read property 'user' of undefined
    at getCPUInfo (D:\Nioxed\Documents\manager-development\manager-bot\node_modules\os-utils\lib\osutils.js:200:33)
    at getCPUUsage (D:\Nioxed\Documents\manager-development\manager-bot\node_modules\os-utils\lib\osutils.js:167:18)
    at Object.exports.cpuUsage (D:\Nioxed\Documents\manager-development\manager-bot\node_modules\os-utils\lib\osutils.js:162:5)
    at Object.triggerCommand (D:\Nioxed\Documents\manager-development\manager-bot\bot_modules\baseCommands\commands\stats.js:32:13)
    at bot.getConfig (D:\Nioxed\Documents\manager-development\manager-bot\bot.js:563:69)
    at Object.bot.getConfig (D:\Nioxed\Documents\manager-development\manager-bot\bot_modules\myConfig\module.js:24:7)
    at bot.handleCommandChecks (D:\Nioxed\Documents\manager-development\manager-bot\bot.js:485:21)
    at doLoop (D:\Nioxed\Documents\manager-development\manager-bot\bot.js:216:27)
    at checks.(anonymous function) (D:\Nioxed\Documents\manager-development\manager-bot\bot.js:221:4)
    at bot.getConfig (D:\Nioxed\Documents\manager-development\manager-bot\bot_modules\myConfig\module.js:149:53)
    at D:\Nioxed\Documents\manager-development\manager-bot\bot_modules\myConfig\module.js:47:6
    at tryCatcher (D:\Nioxed\Documents\manager-development\manager-bot\node_modules\bluebird\js\release\util.js:16:23)
    at Promise._settlePromiseFromHandler (D:\Nioxed\Documents\manager-development\manager-bot\node_modules\bluebird\js\release\promise.js:512:31)
    at Promise._settlePromise (D:\Nioxed\Documents\manager-development\manager-bot\node_modules\bluebird\js\release\promise.js:569:18)
    at Promise._settlePromise0 (D:\Nioxed\Documents\manager-development\manager-bot\node_modules\bluebird\js\release\promise.js:614:10)
    at Promise._settlePromises (D:\Nioxed\Documents\manager-development\manager-bot\node_modules\bluebird\js\release\promise.js:693:18)
TypeError: Cannot read property 'user' of undefined
    at getCPUInfo (D:\Nioxed\Documents\manager-development\manager-bot\node_modules\os-utils\lib\osutils.js:200:33)
    at getCPUUsage (D:\Nioxed\Documents\manager-development\manager-bot\node_modules\os-utils\lib\osutils.js:167:18)
    at Object.exports.cpuUsage (D:\Nioxed\Documents\manager-development\manager-bot\node_modules\os-utils\lib\osutils.js:162:5)
    at Object.triggerCommand (D:\Nioxed\Documents\manager-development\manager-bot\bot_modules\baseCommands\commands\stats.js:32:13)
    at bot.getConfig (D:\Nioxed\Documents\manager-development\manager-bot\bot.js:523:56)
    at Object.bot.getConfig (D:\Nioxed\Documents\manager-development\manager-bot\bot_modules\myConfig\module.js:24:7)
    at bot.handleCommandChecks (D:\Nioxed\Documents\manager-development\manager-bot\bot.js:485:21)
    at doLoop (D:\Nioxed\Documents\manager-development\manager-bot\bot.js:216:27)
    at checks.(anonymous function) (D:\Nioxed\Documents\manager-development\manager-bot\bot.js:221:4)
    at bot.getConfig (D:\Nioxed\Documents\manager-development\manager-bot\bot_modules\myConfig\module.js:149:53)
    at Object.bot.getConfig (D:\Nioxed\Documents\manager-development\manager-bot\bot_modules\myConfig\module.js:24:7)
    at Array.<anonymous> (D:\Nioxed\Documents\manager-development\manager-bot\bot_modules\myConfig\module.js:144:9)
    at doLoop (D:\Nioxed\Documents\manager-development\manager-bot\bot.js:218:12)
    at checks.(anonymous function) (D:\Nioxed\Documents\manager-development\manager-bot\bot.js:221:4)
    at Array.<anonymous> (D:\Nioxed\Documents\manager-development\manager-bot\bot_modules\myConfig\module.js:137:41)
    at doLoop (D:\Nioxed\Documents\manager-development\manager-bot\bot.js:218:12)
TypeError: Cannot read property 'user' of undefined
    at getCPUInfo (D:\Nioxed\Documents\manager-development\manager-bot\node_modules\os-utils\lib\osutils.js:200:33)
    at getCPUUsage (D:\Nioxed\Documents\manager-development\manager-bot\node_modules\os-utils\lib\osutils.js:167:18)
    at Object.exports.cpuUsage (D:\Nioxed\Documents\manager-development\manager-bot\node_modules\os-utils\lib\osutils.js:162:5)
    at Object.triggerCommand (D:\Nioxed\Documents\manager-development\manager-bot\bot_modules\baseCommands\commands\stats.js:32:13)
    at bot.getConfig (D:\Nioxed\Documents\manager-development\manager-bot\bot.js:563:69)
    at Object.bot.getConfig (D:\Nioxed\Documents\manager-development\manager-bot\bot_modules\myConfig\module.js:24:7)
    at bot.handleCommandChecks (D:\Nioxed\Documents\manager-development\manager-bot\bot.js:485:21)
    at doLoop (D:\Nioxed\Documents\manager-development\manager-bot\bot.js:216:27)
    at checks.(anonymous function) (D:\Nioxed\Documents\manager-development\manager-bot\bot.js:221:4)
    at bot.getConfig (D:\Nioxed\Documents\manager-development\manager-bot\bot_modules\myConfig\module.js:149:53)
    at Object.bot.getConfig (D:\Nioxed\Documents\manager-development\manager-bot\bot_modules\myConfig\module.js:24:7)
    at Array.<anonymous> (D:\Nioxed\Documents\manager-development\manager-bot\bot_modules\myConfig\module.js:144:9)
    at doLoop (D:\Nioxed\Documents\manager-development\manager-bot\bot.js:218:12)
    at checks.(anonymous function) (D:\Nioxed\Documents\manager-development\manager-bot\bot.js:221:4)
    at Array.<anonymous> (D:\Nioxed\Documents\manager-development\manager-bot\bot_modules\myConfig\module.js:137:41)
    at doLoop (D:\Nioxed\Documents\manager-development\manager-bot\bot.js:218:12)
TypeError: Cannot read property 'user' of undefined
    at getCPUInfo (D:\Nioxed\Documents\manager-development\manager-bot\node_modules\os-utils\lib\osutils.js:200:33)
    at getCPUUsage (D:\Nioxed\Documents\manager-development\manager-bot\node_modules\os-utils\lib\osutils.js:167:18)
    at Object.exports.cpuUsage (D:\Nioxed\Documents\manager-development\manager-bot\node_modules\os-utils\lib\osutils.js:162:5)
    at Object.triggerCommand (D:\Nioxed\Documents\manager-development\manager-bot\bot_modules\baseCommands\commands\stats.js:32:13)
    at bot.getConfig (D:\Nioxed\Documents\manager-development\manager-bot\bot.js:523:56)
    at Object.bot.getConfig (D:\Nioxed\Documents\manager-development\manager-bot\bot_modules\myConfig\module.js:24:7)
    at bot.handleCommandChecks (D:\Nioxed\Documents\manager-development\manager-bot\bot.js:485:21)
    at doLoop (D:\Nioxed\Documents\manager-development\manager-bot\bot.js:216:27)
    at checks.(anonymous function) (D:\Nioxed\Documents\manager-development\manager-bot\bot.js:221:4)
    at bot.getConfig (D:\Nioxed\Documents\manager-development\manager-bot\bot_modules\myConfig\module.js:149:53)
    at D:\Nioxed\Documents\manager-development\manager-bot\bot_modules\myConfig\module.js:47:6
    at tryCatcher (D:\Nioxed\Documents\manager-development\manager-bot\node_modules\bluebird\js\release\util.js:16:23)
    at Promise._settlePromiseFromHandler (D:\Nioxed\Documents\manager-development\manager-bot\node_modules\bluebird\js\release\promise.js:512:31)
    at Promise._settlePromise (D:\Nioxed\Documents\manager-development\manager-bot\node_modules\bluebird\js\release\promise.js:569:18)
    at Promise._settlePromise0 (D:\Nioxed\Documents\manager-development\manager-bot\node_modules\bluebird\js\release\promise.js:614:10)
    at Promise._settlePromises (D:\Nioxed\Documents\manager-development\manager-bot\node_modules\bluebird\js\release\promise.js:693:18)
TypeError: Cannot read property 'user' of undefined
    at getCPUInfo (D:\Nioxed\Documents\manager-development\manager-bot\node_modules\os-utils\lib\osutils.js:200:33)
    at getCPUUsage (D:\Nioxed\Documents\manager-development\manager-bot\node_modules\os-utils\lib\osutils.js:167:18)
    at Object.exports.cpuUsage (D:\Nioxed\Documents\manager-development\manager-bot\node_modules\os-utils\lib\osutils.js:162:5)
    at Object.triggerCommand (D:\Nioxed\Documents\manager-development\manager-bot\bot_modules\baseCommands\commands\stats.js:32:13)
    at bot.getConfig (D:\Nioxed\Documents\manager-development\manager-bot\bot.js:563:69)
    at Object.bot.getConfig (D:\Nioxed\Documents\manager-development\manager-bot\bot_modules\myConfig\module.js:24:7)
    at bot.handleCommandChecks (D:\Nioxed\Documents\manager-development\manager-bot\bot.js:485:21)
    at doLoop (D:\Nioxed\Documents\manager-development\manager-bot\bot.js:216:27)
    at checks.(anonymous function) (D:\Nioxed\Documents\manager-development\manager-bot\bot.js:221:4)
    at bot.getConfig (D:\Nioxed\Documents\manager-development\manager-bot\bot_modules\myConfig\module.js:149:53)
    at D:\Nioxed\Documents\manager-development\manager-bot\bot_modules\myConfig\module.js:47:6
    at tryCatcher (D:\Nioxed\Documents\manager-development\manager-bot\node_modules\bluebird\js\release\util.js:16:23)
    at Promise._settlePromiseFromHandler (D:\Nioxed\Documents\manager-development\manager-bot\node_modules\bluebird\js\release\promise.js:512:31)
    at Promise._settlePromise (D:\Nioxed\Documents\manager-development\manager-bot\node_modules\bluebird\js\release\promise.js:569:18)
    at Promise._settlePromise0 (D:\Nioxed\Documents\manager-development\manager-bot\node_modules\bluebird\js\release\promise.js:614:10)
    at Promise._settlePromises (D:\Nioxed\Documents\manager-development\manager-bot\node_modules\bluebird\js\release\promise.js:693:18)
ReferenceError: osu is not defined
    at Object.triggerCommand (D:\Nioxed\Documents\manager-development\manager-bot\bot_modules\baseCommands\commands\stats.js:31:9)
    at bot.getConfig (D:\Nioxed\Documents\manager-development\manager-bot\bot.js:523:56)
    at Object.bot.getConfig (D:\Nioxed\Documents\manager-development\manager-bot\bot_modules\myConfig\module.js:24:7)
    at bot.handleCommandChecks (D:\Nioxed\Documents\manager-development\manager-bot\bot.js:485:21)
    at doLoop (D:\Nioxed\Documents\manager-development\manager-bot\bot.js:216:27)
    at checks.(anonymous function) (D:\Nioxed\Documents\manager-development\manager-bot\bot.js:221:4)
    at bot.getConfig (D:\Nioxed\Documents\manager-development\manager-bot\bot_modules\myConfig\module.js:149:53)
    at D:\Nioxed\Documents\manager-development\manager-bot\bot_modules\myConfig\module.js:47:6
    at tryCatcher (D:\Nioxed\Documents\manager-development\manager-bot\node_modules\bluebird\js\release\util.js:16:23)
    at Promise._settlePromiseFromHandler (D:\Nioxed\Documents\manager-development\manager-bot\node_modules\bluebird\js\release\promise.js:512:31)
    at Promise._settlePromise (D:\Nioxed\Documents\manager-development\manager-bot\node_modules\bluebird\js\release\promise.js:569:18)
    at Promise._settlePromise0 (D:\Nioxed\Documents\manager-development\manager-bot\node_modules\bluebird\js\release\promise.js:614:10)
    at Promise._settlePromises (D:\Nioxed\Documents\manager-development\manager-bot\node_modules\bluebird\js\release\promise.js:693:18)
    at Async._drainQueue (D:\Nioxed\Documents\manager-development\manager-bot\node_modules\bluebird\js\release\async.js:133:16)
    at Async._drainQueues (D:\Nioxed\Documents\manager-development\manager-bot\node_modules\bluebird\js\release\async.js:143:10)
    at Immediate.Async.drainQueues (D:\Nioxed\Documents\manager-development\manager-bot\node_modules\bluebird\js\release\async.js:17:14)
ReferenceError: osu is not defined
    at Object.triggerCommand (D:\Nioxed\Documents\manager-development\manager-bot\bot_modules\baseCommands\commands\stats.js:31:9)
    at bot.getConfig (D:\Nioxed\Documents\manager-development\manager-bot\bot.js:563:69)
    at Object.bot.getConfig (D:\Nioxed\Documents\manager-development\manager-bot\bot_modules\myConfig\module.js:24:7)
    at bot.handleCommandChecks (D:\Nioxed\Documents\manager-development\manager-bot\bot.js:485:21)
    at doLoop (D:\Nioxed\Documents\manager-development\manager-bot\bot.js:216:27)
    at checks.(anonymous function) (D:\Nioxed\Documents\manager-development\manager-bot\bot.js:221:4)
    at bot.getConfig (D:\Nioxed\Documents\manager-development\manager-bot\bot_modules\myConfig\module.js:149:53)
    at D:\Nioxed\Documents\manager-development\manager-bot\bot_modules\myConfig\module.js:47:6
    at tryCatcher (D:\Nioxed\Documents\manager-development\manager-bot\node_modules\bluebird\js\release\util.js:16:23)
    at Promise._settlePromiseFromHandler (D:\Nioxed\Documents\manager-development\manager-bot\node_modules\bluebird\js\release\promise.js:512:31)
    at Promise._settlePromise (D:\Nioxed\Documents\manager-development\manager-bot\node_modules\bluebird\js\release\promise.js:569:18)
    at Promise._settlePromise0 (D:\Nioxed\Documents\manager-development\manager-bot\node_modules\bluebird\js\release\promise.js:614:10)
    at Promise._settlePromises (D:\Nioxed\Documents\manager-development\manager-bot\node_modules\bluebird\js\release\promise.js:693:18)
    at Async._drainQueue (D:\Nioxed\Documents\manager-development\manager-bot\node_modules\bluebird\js\release\async.js:133:16)
    at Async._drainQueues (D:\Nioxed\Documents\manager-development\manager-bot\node_modules\bluebird\js\release\async.js:143:10)
    at Immediate.Async.drainQueues (D:\Nioxed\Documents\manager-development\manager-bot\node_modules\bluebird\js\release\async.js:17:14)
TypeError: Cannot read property 'user' of undefined
    at getCPUInfo (D:\Nioxed\Documents\manager-development\manager-bot\node_modules\os-utils\lib\osutils.js:200:33)
    at getCPUUsage (D:\Nioxed\Documents\manager-development\manager-bot\node_modules\os-utils\lib\osutils.js:167:18)
    at Object.exports.cpuUsage (D:\Nioxed\Documents\manager-development\manager-bot\node_modules\os-utils\lib\osutils.js:162:5)
    at Object.triggerCommand (D:\Nioxed\Documents\manager-development\manager-bot\bot_modules\baseCommands\commands\stats.js:30:12)
    at bot.getConfig (D:\Nioxed\Documents\manager-development\manager-bot\bot.js:523:56)
    at Object.bot.getConfig (D:\Nioxed\Documents\manager-development\manager-bot\bot_modules\myConfig\module.js:24:7)
    at bot.handleCommandChecks (D:\Nioxed\Documents\manager-development\manager-bot\bot.js:485:21)
    at doLoop (D:\Nioxed\Documents\manager-development\manager-bot\bot.js:216:27)
    at checks.(anonymous function) (D:\Nioxed\Documents\manager-development\manager-bot\bot.js:221:4)
    at bot.getConfig (D:\Nioxed\Documents\manager-development\manager-bot\bot_modules\myConfig\module.js:149:53)
    at D:\Nioxed\Documents\manager-development\manager-bot\bot_modules\myConfig\module.js:47:6
    at tryCatcher (D:\Nioxed\Documents\manager-development\manager-bot\node_modules\bluebird\js\release\util.js:16:23)
    at Promise._settlePromiseFromHandler (D:\Nioxed\Documents\manager-development\manager-bot\node_modules\bluebird\js\release\promise.js:512:31)
    at Promise._settlePromise (D:\Nioxed\Documents\manager-development\manager-bot\node_modules\bluebird\js\release\promise.js:569:18)
    at Promise._settlePromise0 (D:\Nioxed\Documents\manager-development\manager-bot\node_modules\bluebird\js\release\promise.js:614:10)
    at Promise._settlePromises (D:\Nioxed\Documents\manager-development\manager-bot\node_modules\bluebird\js\release\promise.js:693:18)
TypeError: Cannot read property 'member' of null
    at Object.triggerCommand (D:\Nioxed\Documents\manager-development\manager-bot\bot_modules\baseCommands\commands\stats.js:34:61)
    at bot.handleCommandChecks (D:\Nioxed\Documents\manager-development\manager-bot\bot.js:406:44)
    at doLoop (D:\Nioxed\Documents\manager-development\manager-bot\bot.js:216:34)
    at checks.(anonymous function) (D:\Nioxed\Documents\manager-development\manager-bot\bot.js:222:4)
    at Array.<anonymous> (D:\Nioxed\Documents\manager-development\manager-bot\bot_modules\myConfig\module.js:137:62)
    at doLoop (D:\Nioxed\Documents\manager-development\manager-bot\bot.js:219:12)
    at checks.(anonymous function) (D:\Nioxed\Documents\manager-development\manager-bot\bot.js:222:4)
    at Array.<anonymous> (D:\Nioxed\Documents\manager-development\manager-bot\bot_modules\consoleInterface\module.js:103:4)
    at doLoop (D:\Nioxed\Documents\manager-development\manager-bot\bot.js:219:12)
    at checks.(anonymous function) (D:\Nioxed\Documents\manager-development\manager-bot\bot.js:222:4)
    at Array.<anonymous> (D:\Nioxed\Documents\manager-development\manager-bot\bot_modules\consoleInterface\module.js:95:4)
    at doLoop (D:\Nioxed\Documents\manager-development\manager-bot\bot.js:219:12)
    at Object.bot.handleCommandChecks (D:\Nioxed\Documents\manager-development\manager-bot\bot.js:227:2)
    at Client.client.on.msg (D:\Nioxed\Documents\manager-development\manager-bot\bot.js:373:6)
    at emitOne (events.js:121:20)
    at Client.emit (events.js:211:7)
TypeError: Cannot read property 'type' of undefined
